0 info it worked if it ends with ok
1 verbose cli [ '/usr/bin/node', '/usr/bin/npm', 'run', 'build' ]
2 info using npm@3.5.2
3 info using node@v8.10.0
4 verbose run-script [ 'prebuild', 'build', 'postbuild' ]
5 info lifecycle app@1.0.0~prebuild: app@1.0.0
6 silly lifecycle app@1.0.0~prebuild: no script for prebuild, continuing
7 info lifecycle app@1.0.0~build: app@1.0.0
8 verbose lifecycle app@1.0.0~build: unsafe-perm in lifecycle true
9 verbose lifecycle app@1.0.0~build: PATH: /usr/share/npm/bin/node-gyp-bin:/home/akinhwan/CryptoLender/node_modules/.bin:/home/akinhwan/.rvm/src/ruby-2.6.0:/home/akinhwan/.rvm/gems/ruby-2.6.0/bin:/home/akinhwan/.rvm/gems/ruby-2.6.0@global/bin:/home/akinhwan/.rvm/rubies/ruby-2.6.0/bin:/usr/local/sbin:/usr/local/bin:/usr/sbin:/usr/bin:/sbin:/bin:/usr/games:/usr/local/games:/snap/bin:/home/akinhwan/.rvm/bin:/home/akinhwan/.rvm/bin
10 verbose lifecycle app@1.0.0~build: CWD: /home/akinhwan/CryptoLender
11 silly lifecycle app@1.0.0~build: Args: [ '-c', 'run-s build:*' ]
12 silly lifecycle app@1.0.0~build: Returned: code: 1  signal: null
13 info lifecycle app@1.0.0~build: Failed to exec build script
14 verbose stack Error: app@1.0.0 build: `run-s build:*`
14 verbose stack Exit status 1
14 verbose stack     at EventEmitter.<anonymous> (/usr/share/npm/lib/utils/lifecycle.js:232:16)
14 verbose stack     at emitTwo (events.js:126:13)
14 verbose stack     at EventEmitter.emit (events.js:214:7)
14 verbose stack     at ChildProcess.<anonymous> (/usr/share/npm/lib/utils/spawn.js:24:14)
14 verbose stack     at emitTwo (events.js:126:13)
14 verbose stack     at ChildProcess.emit (events.js:214:7)
14 verbose stack     at maybeClose (internal/child_process.js:925:16)
14 verbose stack     at Process.ChildProcess._handle.onexit (internal/child_process.js:209:5)
15 verbose pkgid app@1.0.0
16 verbose cwd /home/akinhwan/CryptoLender
17 error Linux 4.18.0-15-generic
18 error argv "/usr/bin/node" "/usr/bin/npm" "run" "build"
19 error node v8.10.0
20 error npm  v3.5.2
21 error code ELIFECYCLE
22 error app@1.0.0 build: `run-s build:*`
22 error Exit status 1
23 error Failed at the app@1.0.0 build script 'run-s build:*'.
23 error Make sure you have the latest version of node.js and npm installed.
23 error If you do, this is most likely a problem with the app package,
23 error not with npm itself.
23 error Tell the author that this fails on your system:
23 error     run-s build:*
23 error You can get information on how to open an issue for this project with:
23 error     npm bugs app
23 error Or if that isn't available, you can get their info via:
23 error     npm owner ls app
23 error There is likely additional logging output above.
24 verbose exit [ 1, true ]
